# JRE version: OpenJDK Runtime Environment (19.0.2+7) (build 19.0.2+7-44)
# Java VM: OpenJDK 64-Bit Server VM (19.0.2+7-44, mixed mode, emulated-client, sharing, tiered, compressed oops, compressed class ptrs, g1 gc, windows-amd64)
GC Precious Log:
 CardTable entry size: 512
 Card Set container configuration: InlinePtr #cards 4 size 8 Array Of Cards #cards 16 size 48 Howl #buckets 8 coarsen threshold 3686 Howl Bitmap #cards 512 size 80 coarsen threshold 460 Card regions per heap region 1 cards per card region 4096
 CPUs: 12 total, 12 available
 Memory: 16055M
 Large Page Support: Disabled
 NUMA Support: Disabled
 Compressed Oops: Enabled (Zero based)
 Heap Region Size: 2M
 Heap Min Capacity: 8M
 Heap Initial Capacity: 252M
 Heap Max Capacity: 4014M
 Pre-touch: Disabled
 Parallel Workers: 10
 Concurrent Workers: 3
 Concurrent Refinement Workers: 10
 Periodic GC: Disabled
Heap:
 garbage-first heap   total 96256K, used 31740K [0x0000000705200000, 0x0000000800000000)
  region size 2048K, 5 young (10240K), 2 survivors (4096K)
 Metaspace       used 60990K, committed 61568K, reserved 1114112K
  class space    used 8324K, committed 8640K, reserved 1048576K
GC Heap History (20 events):
Event: 3.255 GC heap before
{Heap before GC invocations=11 (full 0):
 garbage-first heap   total 75776K, used 59420K [0x0000000705200000, 0x0000000800000000)
  region size 2048K, 23 young (47104K), 3 survivors (6144K)
 Metaspace       used 40150K, committed 40576K, reserved 1114112K
  class space    used 5401K, committed 5632K, reserved 1048576K
}
Event: 3.260 GC heap after
{Heap after GC invocations=12 (full 0):
 garbage-first heap   total 75776K, used 19970K [0x0000000705200000, 0x0000000800000000)
  region size 2048K, 1 young (2048K), 1 survivors (2048K)
 Metaspace       used 40150K, committed 40576K, reserved 1114112K
  class space    used 5401K, committed 5632K, reserved 1048576K
}
Event: 3.268 GC heap before
{Heap before GC invocations=12 (full 0):
 garbage-first heap   total 75776K, used 22018K [0x0000000705200000, 0x0000000800000000)
  region size 2048K, 2 young (4096K), 1 survivors (2048K)
 Metaspace       used 40353K, committed 40768K, reserved 1114112K
  class space    used 5414K, committed 5632K, reserved 1048576K
}
Event: 3.270 GC heap after
{Heap after GC invocations=13 (full 0):
 garbage-first heap   total 75776K, used 19790K [0x0000000705200000, 0x0000000800000000)
  region size 2048K, 1 young (2048K), 1 survivors (2048K)
 Metaspace       used 40353K, committed 40768K, reserved 1114112K
  class space    used 5414K, committed 5632K, reserved 1048576K
}
Event: 3.554 GC heap before
{Heap before GC invocations=13 (full 0):
 garbage-first heap   total 75776K, used 56654K [0x0000000705200000, 0x0000000800000000)
  region size 2048K, 20 young (40960K), 1 survivors (2048K)
 Metaspace       used 44275K, committed 44736K, reserved 1114112K
  class space    used 5950K, committed 6144K, reserved 1048576K
}
Event: 3.556 GC heap after
{Heap after GC invocations=14 (full 0):
 garbage-first heap   total 75776K, used 20693K [0x0000000705200000, 0x0000000800000000)
  region size 2048K, 1 young (2048K), 1 survivors (2048K)
 Metaspace       used 44275K, committed 44736K, reserved 1114112K
  class space    used 5950K, committed 6144K, reserved 1048576K
}
Event: 3.906 GC heap before
{Heap before GC invocations=14 (full 0):
 garbage-first heap   total 75776K, used 59605K [0x0000000705200000, 0x0000000800000000)
  region size 2048K, 20 young (40960K), 1 survivors (2048K)
 Metaspace       used 47550K, committed 48000K, reserved 1114112K
  class space    used 6502K, committed 6720K, reserved 1048576K
}
Event: 3.909 GC heap after
{Heap after GC invocations=15 (full 0):
 garbage-first heap   total 75776K, used 21760K [0x0000000705200000, 0x0000000800000000)
  region size 2048K, 2 young (4096K), 2 survivors (4096K)
 Metaspace       used 47550K, committed 48000K, reserved 1114112K
  class space    used 6502K, committed 6720K, reserved 1048576K
}
Event: 4.154 GC heap before
{Heap before GC invocations=15 (full 0):
 garbage-first heap   total 75776K, used 56576K [0x0000000705200000, 0x0000000800000000)
  region size 2048K, 20 young (40960K), 2 survivors (4096K)
 Metaspace       used 50026K, committed 50496K, reserved 1114112K
  class space    used 6827K, committed 7040K, reserved 1048576K
}
Event: 4.158 GC heap after
{Heap after GC invocations=16 (full 0):
 garbage-first heap   total 75776K, used 23490K [0x0000000705200000, 0x0000000800000000)
  region size 2048K, 3 young (6144K), 3 survivors (6144K)
 Metaspace       used 50026K, committed 50496K, reserved 1114112K
  class space    used 6827K, committed 7040K, reserved 1048576K
}
Event: 4.338 GC heap before
{Heap before GC invocations=16 (full 0):
 garbage-first heap   total 75776K, used 58306K [0x0000000705200000, 0x0000000800000000)
  region size 2048K, 20 young (40960K), 3 survivors (6144K)
 Metaspace       used 52244K, committed 52800K, reserved 1114112K
  class space    used 7149K, committed 7424K, reserved 1048576K
}
Event: 4.343 GC heap after
{Heap after GC invocations=17 (full 0):
 garbage-first heap   total 141312K, used 24355K [0x0000000705200000, 0x0000000800000000)
  region size 2048K, 2 young (4096K), 2 survivors (4096K)
 Metaspace       used 52244K, committed 52800K, reserved 1114112K
  class space    used 7149K, committed 7424K, reserved 1048576K
}
Event: 11.222 GC heap before
{Heap before GC invocations=17 (full 0):
 garbage-first heap   total 141312K, used 102179K [0x0000000705200000, 0x0000000800000000)
  region size 2048K, 41 young (83968K), 2 survivors (4096K)
 Metaspace       used 57565K, committed 58112K, reserved 1114112K
  class space    used 7866K, committed 8128K, reserved 1048576K
}
Event: 11.230 GC heap after
{Heap after GC invocations=18 (full 0):
 garbage-first heap   total 141312K, used 28036K [0x0000000705200000, 0x0000000800000000)
  region size 2048K, 4 young (8192K), 4 survivors (8192K)
 Metaspace       used 57565K, committed 58112K, reserved 1114112K
  class space    used 7866K, committed 8128K, reserved 1048576K
}
Event: 73.696 GC heap before
{Heap before GC invocations=18 (full 0):
 garbage-first heap   total 141312K, used 50564K [0x0000000705200000, 0x0000000800000000)
  region size 2048K, 17 young (34816K), 4 survivors (8192K)
 Metaspace       used 59751K, committed 60288K, reserved 1114112K
  class space    used 8139K, committed 8384K, reserved 1048576K
}
Event: 73.706 GC heap after
{Heap after GC invocations=19 (full 0):
 garbage-first heap   total 141312K, used 28345K [0x0000000705200000, 0x0000000800000000)
  region size 2048K, 4 young (8192K), 4 survivors (8192K)
 Metaspace       used 59751K, committed 60288K, reserved 1114112K
  class space    used 8139K, committed 8384K, reserved 1048576K
}
Event: 108.003 GC heap before
{Heap before GC invocations=20 (full 0):
 garbage-first heap   total 110592K, used 42681K [0x0000000705200000, 0x0000000800000000)
  region size 2048K, 13 young (26624K), 4 survivors (8192K)
 Metaspace       used 60855K, committed 61440K, reserved 1114112K
  class space    used 8301K, committed 8640K, reserved 1048576K
}
Event: 108.043 GC heap after
{Heap after GC invocations=21 (full 1):
 garbage-first heap   total 96256K, used 24053K [0x0000000705200000, 0x0000000800000000)
  region size 2048K, 0 young (0K), 0 survivors (0K)
 Metaspace       used 60855K, committed 61440K, reserved 1114112K
  class space    used 8301K, committed 8640K, reserved 1048576K
}
Event: 108.548 GC heap before
{Heap before GC invocations=21 (full 1):
 garbage-first heap   total 96256K, used 75253K [0x0000000705200000, 0x0000000800000000)
  region size 2048K, 25 young (51200K), 0 survivors (0K)
 Metaspace       used 60984K, committed 61568K, reserved 1114112K
  class space    used 8324K, committed 8640K, reserved 1048576K
}
Event: 108.551 GC heap after
{Heap after GC invocations=22 (full 1):
 garbage-first heap   total 96256K, used 27644K [0x0000000705200000, 0x0000000800000000)
  region size 2048K, 2 young (4096K), 2 survivors (4096K)
 Metaspace       used 60984K, committed 61568K, reserved 1114112K
  class space    used 8324K, committed 8640K, reserved 1048576K
}

